27.05.06 02:16:09	 Vendor: Ares Music 1.0.0  Code: 28494  "de Bumped"
27.05.06 02:18:42	 Vendor: MP3 Galaxy 1.0.0  Code: 28494  "de Bumped"
27.05.06 02:21:21	 Vendor: Ares Music 1.0.0  Code: 28494  "de Bumped"
27.05.06 02:22:13	 Vendor: Ares P2P 1.0.0 (GnucDNA  Code: 28494  "de Bumped"
27.05.06 02:22:31	 Vendor: Ares Gold 1.0.0  Code: 28494  "de Bumped"
27.05.06 02:25:35	 Vendor: Ares Gold 1.0.0  Code: 28494  "de Bumped"
27.05.06 02:25:58	 Vendor: Ares Gold 1.0.0  Code: 28494  "de Bumped"
27.05.06 02:27:27	 Vendor: Ares Music 1.0.0  Code: 28494  "de Bumped"
27.05.06 02:28:07	 Vendor: Ares Gold 1.0.0  Code: 28494  "de Bumped"
27.05.06 02:28:28	 Vendor: Ares Gold 1.0.0  Code: 28494  "de Bumped"
27.05.06 02:30:10	 Vendor: Ares Gold 1.0.0  Code: 28494  "de Bumped"
27.05.06 02:31:07	 Vendor: Ares Gold 1.0.0  Code: 28494  "de Bumped"
27.05.06 02:31:09	 Vendor: Ares Music 1.0.0  Code: 28494  "de Bumped"
27.05.06 02:31:34	 Vendor: Ares Gold 1.0.0  Code: 28494  "de Bumped"
27.05.06 02:31:53	 Vendor: Ares P2P 1.0.0 (GnucDNA  Code: 28494  "de Bumped"
27.05.06 02:32:27	 Vendor: LimeWire Gold 1.0.0  Code: 28494  "de Bumped"
27.05.06 02:32:34	 Vendor: LimeWire Gold 1.0.0  Code: 28494  "de Bumped"
27.05.06 02:32:35	 Vendor: MP3 Galaxy 1.0.0  Code: 28494  "de Bumped"
27.05.06 02:32:36	 Vendor: Ares Gold 1.0.0  Code: 28494  "de Downgrading"
27.05.06 02:33:34	 Vendor: Ares Gold 1.0.0  Code: 28494  "de Bumped"
27.05.06 02:34:45	 Vendor: Ares Gold 1.0.0  Code: 28494  "de Bumped"
27.05.06 02:38:11	 Vendor: Kiwi Alpha 2.5.5  Code: 28494  "de Bumped"
27.05.06 02:40:50	 Vendor: Ares Gold 1.0.0  Code: 28494  "de Bumped"
27.05.06 02:41:09	 Vendor: Ares Gold 1.0.0  Code: 28494  "de Bumped"
27.05.06 02:41:21	 Vendor: LimeWire Gold 1.0.0  Code: 28494  "de Downgrading"
27.05.06 02:41:47	 Vendor: MP3 Galaxy 1.0.0  Code: 28494  "de Bumped"
27.05.06 02:41:52	 Vendor: Ares P2P 1.0.0 (GnucDNA  Code: 28494  "de Bumped"
27.05.06 02:42:06	 Vendor: Ares Gold 1.0.0  Code: 28494  "de Bumped"
27.05.06 02:42:35	 Vendor: MP3 Galaxy 1.0.0  Code: 28494  "de Bumped"
27.05.06 02:44:16	 Vendor: Kiwi Alpha 2.5.5  Code: 28494  "de Bumped"
27.05.06 02:46:11	 Vendor: Ares Music 1.0.0  Code: 28494  "de Bumped"
27.05.06 02:49:49	 Vendor: Kiwi Alpha 2.5.5  Code: 28494  "de Bumped"
27.05.06 02:50:11	 Vendor: Gnutella 2.0 (GnucDNA  Code: 28494  "de Downgrading"
27.05.06 02:50:36	 Vendor: Ares P2P 1.0.0 (GnucDNA  Code: 28494  "de Bumped"
27.05.06 02:52:29	 Vendor: Ares Gold 1.0.0  Code: 28494  "de Bumped"
27.05.06 02:53:27	 Vendor: TrustyFiles 2.4.1.7  Code: 28494  "de Bumped"
27.05.06 02:53:35	 Vendor: Ares Gold 1.0.0  Code: 28494  "de Bumped"
27.05.06 02:53:41	 Vendor: Ares Gold 1.0.0  Code: 28494  "de Bumped"
27.05.06 02:54:34	 Vendor: Kiwi Alpha 2.5.5  Code: 28494  "de Bumped"
27.05.06 02:54:56	 Vendor: Kiwi Alpha 2.5.5  Code: 28494  "de Bumped"
27.05.06 02:55:52	 Vendor: MP3 Galaxy 1.0.0  Code: 28494  "de Bumped"
27.05.06 02:57:22	 Vendor: Ares Gold 1.0.0  Code: 28494  "de Bumped"
27.05.06 02:57:36	 Vendor: Ares P2P 1.0.0 (GnucDNA  Code: 28494  "de Bumped"
27.05.06 02:57:50	 Vendor: Ares Gold 1.0.0  Code: 28494  "de Bumped"
27.05.06 02:59:41	 Vendor: Ares Gold 1.0.0  Code: 28494  "de Bumped"
27.05.06 03:00:07	 Vendor: Ares Gold 1.0.0  Code: 28494  "de Bumped"
27.05.06 03:03:01	 Vendor: Kiwi Alpha 2.5.0  Code: 28494  "de Bumped"
27.05.06 03:03:01	 Vendor: Gnutella 2.0 (GnucDNA  Code: 28494  "de Bumped"
27.05.06 03:03:05	 Vendor: Ares Gold 1.0.0  Code: 28494  "de Bumped"
27.05.06 03:03:41	 Vendor: LimeWire Gold 1.0.0  Code: 28494  "de Bumped"
27.05.06 03:04:01	 Vendor: MP3 Galaxy 1.0.0  Code: 28494  "de Bumped"
27.05.06 03:06:40	 Vendor: Ares Gold 1.0.0  Code: 28494  "de Bumped"
27.05.06 03:07:21	 Vendor: Ares Gold 1.0.0  Code: 28494  "de Bumped"
27.05.06 03:07:46	 Vendor: Ares Gold 1.0.0  Code: 28494  "de Bumped"
27.05.06 03:08:33	 Vendor: Ares P2P 1.0.0 (GnucDNA  Code: 28494  "de Bumped"
27.05.06 03:08:46	 Vendor: Morpheus 3.0.3.6  Code: 28494  "de Downgrading"
27.05.06 03:09:08	 Vendor: Ares Gold 1.0.0  Code: 28494  "de Bumped"
27.05.06 03:09:18	 Vendor: Ares Gold 1.0.0  Code: 28494  "de Bumped"
27.05.06 03:09:20	 Vendor: Ares Gold 1.0.0  Code: 28494  "de Bumped"
27.05.06 03:09:23	 Vendor: Morpheus 3.0.3.6  Code: 28494  "de Bumped"
27.05.06 03:09:30	 Vendor: Ares Gold 1.0.0  Code: 28494  "de Bumped"
27.05.06 03:10:30	 Vendor: Ares Gold 1.0.0  Code: 28494  "de Bumped"
27.05.06 03:13:56	 Vendor: Ares P2P 1.0.0 (GnucDNA  Code: 28494  "de Bumped"
27.05.06 03:13:59	 Vendor: Ares Music 1.0.0  Code: 28494  "de Bumped"
27.05.06 03:14:38	 Vendor: Ares P2P 1.0.0 (GnucDNA  Code: 28494  "de Bumped"
27.05.06 03:21:03	 Vendor: Gnutella 2.0 (GnucDNA  Code: 28494  "de Bumped"
27.05.06 03:21:10	 Vendor: Ares Gold 1.0.0  Code: 28494  "de Bumped"
27.05.06 03:21:24	 Vendor: Gnutella 2.0 (GnucDNA  Code: 28494  "de Bumped"
27.05.06 03:22:36	 Vendor: Ares Gold 1.0.0  Code: 28494  "de Bumped"
27.05.06 03:33:48	 Vendor: Ares Gold 1.0.0  Code: 28494  "de Bumped"
27.05.06 03:34:01	 Vendor: Ares Gold 1.0.0  Code: 28494  "de Bumped"
27.05.06 03:34:08	 Vendor: Ares Gold 1.0.0  Code: 28494  "de Bumped"
27.05.06 03:38:52	 Vendor: Ares MP3 1.0.0 (GnucDNA  Code: 28494  "de Bumped"
27.05.06 03:39:06	 Vendor: Ares Gold 1.0.0  Code: 28494  "de Bumped"
27.05.06 03:40:43	 Vendor: Ares Gold 1.0.0  Code: 28494  "de Bumped"
27.05.06 03:40:54	 Vendor: Ares P2P 1.0.0 (GnucDNA  Code: 28494  "de Bumped"
27.05.06 03:42:13	 Vendor: Ares Gold 1.0.0  Code: 28494  "de Bumped"
27.05.06 03:42:23	 Vendor: Ares P2P 1.0.0 (GnucDNA  Code: 28494  "de Bumped"
27.05.06 03:43:50	 Vendor: Gnutella 2.0 (GnucDNA  Code: 28494  "de Bumped"
27.05.06 03:45:35	 Vendor: Ares Gold 1.0.0  Code: 28494  "de Bumped"
27.05.06 03:48:37	 Vendor: Ares Gold 1.0.0  Code: 28494  "de Bumped"
27.05.06 03:51:50	 Vendor: Ares Gold 1.0.0  Code: 28494  "de Bumped"
27.05.06 03:55:27	 Vendor: Ares Gold 1.0.0  Code: 28494  "de Bumped"
27.05.06 03:57:55	 Vendor: Ares SE 1.0.0 (GnucDNA  Code: 28494  "de Bumped"
27.05.06 03:58:08	 Vendor: Ares Gold 1.0.0  Code: 28494  "de Bumped"
27.05.06 03:58:45	 Vendor: Gnutella 2.0 (GnucDNA  Code: 28494  "de Bumped"
27.05.06 03:59:55	 Vendor: Ares Gold 1.0.0  Code: 28494  "de Bumped"
27.05.06 04:05:00	 Vendor: Ares Gold 1.0.0  Code: 28494  "de Bumped"
27.05.06 04:07:44	 Vendor: Ares Gold 1.0.0  Code: 28494  "de Bumped"
27.05.06 04:08:23	 Vendor: Ares Gold 1.0.0  Code: 28494  "de Bumped"
27.05.06 04:08:35	 Vendor: Gnutella 2.0 (GnucDNA  Code: 28494  "de Bumped"
27.05.06 04:11:08	 Vendor: Ares Gold 1.0.0  Code: 28494  "de Bumped"
27.05.06 04:11:44	 Vendor: Ares Gold 1.0.0  Code: 28494  "de Bumped"
27.05.06 04:13:25	 Vendor: Ares Gold 1.0.0  Code: 28494  "de Bumped"
27.05.06 04:13:49	 Vendor: Gnutella 2.0 (GnucDNA  Code: 28494  "de Bumped"
27.05.06 04:14:31	 Vendor: Gnutella 2.0 (GnucDNA  Code: 28494  "de Bumped"
27.05.06 04:14:56	 Vendor: Ares Gold 1.0.0  Code: 28494  "de Bumped"
27.05.06 04:15:10	 Vendor: Ares Gold 1.0.0  Code: 28494  "de Bumped"
27.05.06 04:16:47	 Vendor: Ares Gold 1.0.0  Code: 28494  "de Bumped"
27.05.06 04:19:12	 Vendor: Gnutella 2.0 (GnucDNA  Code: 28494  "de Bumped"
27.05.06 04:21:48	 Vendor: Ares Gold 1.0.0  Code: 28494  "de Bumped"
27.05.06 04:22:25	 Vendor: Ares Gold 1.0.0  Code: 28494  "de Bumped"
27.05.06 04:22:41	 Vendor: Ares MP3 1.0.0 (GnucDNA  Code: 28494  "de Bumped"
27.05.06 04:22:48	 Vendor: Ares P2P 1.0.0 (GnucDNA  Code: 28494  "de Bumped"
27.05.06 04:23:05	 Vendor: Ares MP3 1.0.0 (GnucDNA  Code: 28494  "de Bumped"
27.05.06 04:23:35	 Vendor: Ares Gold 1.0.0  Code: 28494  "de Bumped"
27.05.06 04:24:42	 Vendor: Ares Gold 1.0.0  Code: 28494  "de Downgrading"
27.05.06 04:25:23	 Vendor: Gnutella 2.0 (GnucDNA  Code: 28494  "de Bumped"
27.05.06 04:25:45	 Vendor: Gnutella 2.0 (GnucDNA  Code: 28494  "de Bumped"
27.05.06 04:27:43	 Vendor: Ares P2P 1.0.0 (GnucDNA  Code: 28494  "de Bumped"
27.05.06 04:28:30	 Vendor: Kiwi Alpha 2.5.4  Code: 28494  "de Bumped"
27.05.06 04:29:25	 Vendor: Kiwi Alpha 2.5.4  Code: 28494  "de Bumped"
27.05.06 04:29:43	 Vendor: Ares P2P 1.0.0 (GnucDNA  Code: 28494  "de Bumped"
27.05.06 04:30:04	 Vendor: Ares Gold 1.0.0  Code: 28494  "de Bumped"
27.05.06 04:30:24	 Vendor: Ares P2P 1.0.0 (GnucDNA  Code: 28494  "de Bumped"
27.05.06 04:31:29	 Vendor: Kiwi Alpha 2.5.4  Code: 28494  "de Bumped"
27.05.06 04:32:13	 Vendor: LimeWire Gold 1.0.0  Code: 28494  "de Bumped"
27.05.06 04:32:52	 Vendor: Kiwi Alpha 2.5.4  Code: 28494  "de Bumped"
27.05.06 04:32:53	 Vendor: Ares MP3 1.0.0 (GnucDNA  Code: 28494  "de Bumped"
27.05.06 04:33:51	 Vendor: Ares Gold 1.0.0  Code: 28494  "de Bumped"
27.05.06 04:36:35	 Vendor: Gnutella 2.0 (GnucDNA  Code: 28494  "de Bumped"
27.05.06 04:36:43	 Vendor: Ares MP3 1.0.0 (GnucDNA  Code: 28494  "de Bumped"
27.05.06 04:36:53	 Vendor: LimeWire Gold 1.0.0  Code: 28494  "de Bumped"
27.05.06 04:37:02	 Vendor: Ares Gold 1.0.0  Code: 28494  "de Bumped"
27.05.06 04:37:05	 Vendor: Ares Gold 1.0.0  Code: 28494  "de Bumped"
27.05.06 04:38:34	 Vendor: Ares Gold 1.0.0  Code: 28494  "de Bumped"
27.05.06 04:39:46	 Vendor: Gnutella 2.0 (GnucDNA  Code: 28494  "de Bumped"
27.05.06 04:42:03	 Vendor: Ares Gold 1.0.0  Code: 28494  "de Bumped"
27.05.06 04:43:52	 Vendor: Ares MP3 1.0.0 (GnucDNA  Code: 28494  "de Bumped"
27.05.06 04:45:59	 Vendor: Ares Gold 1.0.0  Code: 28494  "de Bumped"
27.05.06 04:46:22	 Vendor: Ares P2P 1.0.0 (GnucDNA  Code: 28494  "de Bumped"
27.05.06 04:49:00	 Vendor: Ares Gold 1.0.0  Code: 28494  "de Bumped"
27.05.06 04:51:03	 Vendor: Kiwi Alpha 2.5.4  Code: 28494  "de Bumped"
27.05.06 04:53:24	 Vendor: Gnutella 2.0 (GnucDNA  Code: 28494  "de Bumped"
27.05.06 04:53:47	 Vendor: Ares P2P 1.0.0 (GnucDNA  Code: 28494  "de Bumped"
27.05.06 04:54:18	 Vendor: Ares P2P 1.0.0 (GnucDNA  Code: 28494  "de Bumped"
27.05.06 04:56:06	 Vendor: Gnutella 2.0 (GnucDNA  Code: 28494  "de Bumped"
27.05.06 04:56:48	 Vendor: Gnutella 2.0 (GnucDNA  Code: 28494  "de Bumped"
27.05.06 04:57:11	 Vendor: Ares Gold 1.0.0  Code: 28494  "de Bumped"
27.05.06 05:00:36	 Vendor: Ares Gold 1.0.0  Code: 28494  "de Bumped"
27.05.06 05:07:52	 Vendor: Gnutella 2.0 (GnucDNA  Code: 28494  "de Bumped"
27.05.06 05:08:17	 Vendor: Gnutella 2.0 (GnucDNA  Code: 28494  "de Bumped"
27.05.06 05:09:19	 Vendor: Ares Gold 1.0.0  Code: 28494  "de Bumped"
27.05.06 05:11:35	 Vendor: Ares Gold 1.0.0  Code: 28494  "de Bumped"
27.05.06 05:12:53	 Vendor: LimeWire Gold 1.0.0  Code: 28494  "de Bumped"
27.05.06 05:13:07	 Vendor: Ares Gold 1.0.0  Code: 28494  "de Bumped"
27.05.06 05:17:02	 Vendor: Gnutella 2.0 (GnucDNA  Code: 28494  "de Bumped"
27.05.06 05:17:18	 Vendor: Ares Gold 1.0.0  Code: 28494  "de Bumped"
27.05.06 05:18:01	 Vendor: Gnutella 2.0 (GnucDNA  Code: 28494  "de Bumped"
27.05.06 05:19:06	 Vendor: Ares Gold 1.0.0  Code: 28494  "de Bumped"
27.05.06 05:22:54	 Vendor: LimeWire Gold 1.0.0  Code: 28494  "de Bumped"
27.05.06 05:23:05	 Vendor: Ares Gold 1.0.0  Code: 28494  "de Bumped"
27.05.06 05:23:37	 Vendor: LimeWire Gold 1.0.0  Code: 28494  "de Bumped"
27.05.06 05:23:58	 Vendor: LimeWire Gold 1.0.0  Code: 28494  "de Bumped"
27.05.06 05:24:01	 Vendor: Ares Gold 1.0.0  Code: 28494  "de Bumped"
27.05.06 05:27:58	 Vendor: Ares Gold 1.0.0  Code: 28494  "de Bumped"
27.05.06 05:30:48	 Vendor: LimeWire Gold 1.0.0  Code: 28494  "de Bumped"
27.05.06 05:36:03	 Vendor: Ares Gold 1.0.0  Code: 28494  "de Bumped"
27.05.06 05:39:11	 Vendor: Ares Gold 1.0.0  Code: 28494  "de Bumped"
27.05.06 05:40:00	 Vendor: Gnutella 2.0 (GnucDNA  Code: 28494  "de Bumped"
27.05.06 05:45:25	 Vendor: Ares Gold 1.0.0  Code: 28494  "de Bumped"
27.05.06 05:47:28	 Vendor: Ares Gold 1.0.0  Code: 28494  "de Bumped"
27.05.06 05:48:55	 Vendor: LimeWire Gold 1.0.0  Code: 28494  "de Bumped"
27.05.06 05:52:43	 Vendor: Ares Gold 1.0.0  Code: 28494  "de Bumped"
27.05.06 05:54:33	 Vendor: Ares Gold 1.0.0  Code: 28494  "de Bumped"
27.05.06 05:57:59	 Vendor: Ares MP3 1.0.0 (GnucDNA  Code: 28494  "de Bumped"
27.05.06 05:58:53	 Vendor: Ares Galaxy Download  Code: 28494  "de Bumped"
27.05.06 06:01:40	 Vendor: Ares Gold 1.0.0  Code: 28494  "de Bumped"
27.05.06 06:04:06	 Vendor: Ares SE 1.0.0 (GnucDNA  Code: 28494  "de Bumped"
27.05.06 06:04:32	 Vendor: LimeWire Gold 1.0.0  Code: 28494  "de Bumped"
27.05.06 06:06:00	 Vendor: Ares Gold 1.0.0  Code: 28494  "de Downgrading"
27.05.06 06:06:55	 Vendor: Ares Gold 1.0.0  Code: 28494  "de Bumped"
27.05.06 06:08:05	 Vendor: Ares Gold 1.0.0  Code: 28494  "de Bumped"
27.05.06 06:08:48	 Vendor: BearShare Download  Code: 28494  "de Bumped"
27.05.06 06:09:08	 Vendor: morph406 4.0.6.240  Code: 28494  "de Bumped"
27.05.06 06:10:49	 Vendor: LimeWire Gold 1.0.0  Code: 28494  "de Bumped"
27.05.06 06:12:02	 Vendor: Ares SE 1.0.0 (GnucDNA  Code: 28494  "de Bumped"
27.05.06 06:12:44	 Vendor: Ares SE 1.0.0 (GnucDNA  Code: 28494  "de Bumped"
27.05.06 06:13:01	 Vendor: Ares SE 1.0.0 (GnucDNA  Code: 28494  "de Bumped"
27.05.06 06:14:03	 Vendor: Ares P2P 1.0.0 (GnucDNA  Code: 28494  "de Bumped"
27.05.06 06:14:22	 Vendor: Ares MP3 1.0.0 (GnucDNA  Code: 28494  "de Bumped"
27.05.06 06:14:35	 Vendor: Ares P2P 1.0.0 (GnucDNA  Code: 28494  "de Bumped"
27.05.06 06:15:30	 Vendor: Ares Gold 1.0.0  Code: 28494  "de Bumped"
27.05.06 06:15:35	 Vendor: MP3 Galaxy 1.0.0  Code: 28494  "de Bumped"
27.05.06 06:16:12	 Vendor: Ares Gold 1.0.0  Code: 28494  "de Bumped"
27.05.06 06:17:38	 Vendor: Gnutella 2.0 (GnucDNA  Code: 28494  "de Bumped"
27.05.06 06:17:46	 Vendor: Ares MP3 1.0.0 (GnucDNA  Code: 28494  "de Bumped"
27.05.06 06:18:27	 Vendor: Ares P2P 1.0.0 (GnucDNA  Code: 28494  "de Bumped"
27.05.06 06:18:46	 Vendor: Gnutella 2.0 (GnucDNA  Code: 28494  "de Bumped"
27.05.06 06:19:31	 Vendor: BearShare Download  Code: 28494  "de Bumped"
27.05.06 06:19:58	 Vendor: Ares P2P 1.0.0 (GnucDNA  Code: 28494  "de Bumped"
27.05.06 06:20:41	 Vendor: Ares P2P 1.0.0 (GnucDNA  Code: 28494  "de Bumped"
27.05.06 06:21:44	 Vendor: Ares P2P 1.0.0 (GnucDNA  Code: 28494  "de Bumped"
27.05.06 06:22:48	 Vendor: Ares P2P 1.0.0 (GnucDNA  Code: 28494  "de Bumped"
27.05.06 06:23:32	 Vendor: Ares P2P 1.0.0 (GnucDNA  Code: 28494  "de Bumped"
27.05.06 06:24:10	 Vendor: Ares P2P 1.0.0 (GnucDNA  Code: 28494  "de Bumped"
27.05.06 06:24:33	 Vendor: Ares P2P 1.0.0 (GnucDNA  Code: 28494  "de Bumped"
27.05.06 06:29:24	 Vendor: Gnutella 2.0 (GnucDNA  Code: 28494  "de Bumped"
27.05.06 06:32:54	 Vendor: Gnutella 2.0 (GnucDNA  Code: 28494  "de Bumped"
27.05.06 06:34:29	 Vendor: Gnutella 2.0 (GnucDNA  Code: 28494  "de Bumped"
27.05.06 06:35:12	 Vendor: Gnutella 2.0 (GnucDNA  Code: 28494  "de Bumped"
27.05.06 06:36:15	 Vendor: Gnutella 2.0 (GnucDNA  Code: 28494  "de Bumped"
27.05.06 06:42:38	 Vendor: Gnutella 2.0 (GnucDNA  Code: 28494  "de Bumped"
27.05.06 06:42:48	 Vendor: Ares Gold 1.0.0  Code: 28494  "de Bumped"
27.05.06 06:49:10	 Vendor: Ares Gold 1.0.0  Code: 28494  "de Bumped"
27.05.06 06:50:04	 Vendor: Ares Gold 1.0.0  Code: 28494  "de Bumped"
27.05.06 06:50:56	 Vendor: Ares Gold 1.0.0  Code: 28494  "de Bumped"
27.05.06 06:53:25	 Vendor: LimeWire Download  Code: 28494  "de Bumped"
27.05.06 06:59:19	 Vendor: Ares Gold 1.0.0  Code: 28494  "de Bumped"
27.05.06 07:09:00	 Vendor: Ares Gold 1.0.0  Code: 28494  "de Bumped"
27.05.06 07:10:29	 Vendor: Gnutella 2.0 (GnucDNA  Code: 28494  "de Bumped"
27.05.06 07:15:04	 Vendor: Gnutella 2.0 (GnucDNA  Code: 28494  "de Bumped"
27.05.06 07:19:29	 Vendor: Ares Gold 1.0.0  Code: 28494  "de Bumped"
27.05.06 07:20:41	 Vendor: Ares Gold 1.0.0  Code: 28494  "de Downgrading"
27.05.06 07:22:41	 Vendor: Ares Gold 1.0.0  Code: 28494  "de Bumped"
27.05.06 07:24:11	 Vendor: Ares Gold 1.0.0  Code: 28494  "de Bumped"
27.05.06 07:25:57	 Vendor: Ares Music 1.0.0  Code: 28494  "de Bumped"
27.05.06 07:43:00	 Vendor: Ares P2P 1.0.0 (GnucDNA  Code: 28494  "de Bumped"
27.05.06 07:46:00	 Vendor: Ares Gold 1.0.0  Code: 28494  "de Bumped"
27.05.06 07:46:56	 Vendor: Ares Gold 1.0.0  Code: 28494  "de Bumped"
27.05.06 07:47:53	 Vendor: Ares Gold 1.0.0  Code: 28494  "de Bumped"
27.05.06 07:59:06	 Vendor: Ares MP3 1.0.0 (GnucDNA  Code: 28494  "de Bumped"
27.05.06 08:11:16	 Vendor: Ares Gold 1.0.0  Code: 28494  "de Bumped"
27.05.06 08:14:02	 Vendor: BearShare Gold 1.0.0  Code: 28494  "de Bumped"
27.05.06 08:16:39	 Vendor: Gnutella 2.0 (GnucDNA  Code: 28494  "de Bumped"
27.05.06 08:17:59	 Vendor: Gnutella 2.0 (GnucDNA  Code: 28494  "de Bumped"
27.05.06 08:18:04	 Vendor: Kiwi Alpha 2.5.5  Code: 28494  "de Bumped"
27.05.06 08:18:38	 Vendor: Ares P2P 1.0.0 (GnucDNA  Code: 28494  "de Bumped"
27.05.06 08:20:04	 Vendor: Gnutella 2.0 (GnucDNA  Code: 28494  "de Bumped"
27.05.06 08:20:08	 Vendor: Ares P2P 1.0.0 (GnucDNA  Code: 28494  "de Bumped"
27.05.06 08:20:13	 Vendor: Ares P2P 1.0.0 (GnucDNA  Code: 28494  "de Bumped"
27.05.06 08:21:08	 Vendor: Ares P2P 1.0.0 (GnucDNA  Code: 28494  "de Bumped"
27.05.06 08:29:01	 Vendor: Ares P2P 1.0.0 (GnucDNA  Code: 28494  "de Bumped"
27.05.06 08:31:52	 Vendor: Ares P2P 1.0.0 (GnucDNA  Code: 28494  "de Bumped"
27.05.06 08:32:38	 Vendor: BearShare Gold 1.0.0  Code: 28494  "de Bumped"
27.05.06 08:33:39	 Vendor: Gnutella 2.0 (GnucDNA  Code: 28494  "de Bumped"
27.05.06 08:34:02	 Vendor: BearShare Gold 1.0.0  Code: 28494  "de Bumped"
27.05.06 08:34:58	 Vendor: BearShare Gold 1.0.0  Code: 28494  "de Bumped"
27.05.06 08:38:03	 Vendor: Ares MP3 1.0.0 (GnucDNA  Code: 28494  "de Bumped"
27.05.06 08:42:06	 Vendor: Ares Gold 1.0.0  Code: 28494  "de Bumped"
27.05.06 08:43:16	 Vendor: Ares SE 1.0.0 (GnucDNA  Code: 28494  "de Bumped"
27.05.06 08:48:20	 Vendor: Ares P2P 1.0.0 (GnucDNA  Code: 28494  "de Bumped"
27.05.06 08:48:22	 Vendor: Ares Gold 1.0.0  Code: 28494  "de Bumped"
27.05.06 08:48:41	 Vendor: Ares P2P 1.0.0 (GnucDNA  Code: 28494  "de Bumped"
27.05.06 08:48:43	 Vendor: Ares Gold 1.0.0  Code: 28494  "de Bumped"
27.05.06 08:55:00	 Vendor: Ares Gold 1.0.0  Code: 28494  "de Downgrading"
27.05.06 09:00:12	 Vendor: Ares Gold 1.0.0  Code: 28494  "de Bumped"
27.05.06 09:02:35	 Vendor: Ares Gold 1.0.0  Code: 28494  "de Bumped"
27.05.06 09:04:00	 Vendor: Ares Gold 1.0.0  Code: 28494  "de Bumped"
27.05.06 09:04:20	 Vendor: Ares SE 1.0.0 (GnucDNA  Code: 28494  "de Bumped"
27.05.06 09:05:41	 Vendor: Ares Gold 1.0.0  Code: 28494  "de Bumped"
27.05.06 09:05:48	 Vendor: Gnutella 2.0 (GnucDNA  Code: 28494  "de Bumped"
27.05.06 09:11:45	 Vendor: Ares Gold 1.0.0  Code: 28494  "de Bumped"
27.05.06 09:15:36	 Vendor: Ares Gold 1.0.0  Code: 28494  "de Bumped"
27.05.06 09:15:52	 Vendor: Gnutella 2.0 (GnucDNA  Code: 28494  "de Bumped"
27.05.06 09:16:40	 Vendor: Ares Gold 1.0.0  Code: 28494  "de Bumped"
27.05.06 09:17:31	 Vendor: Ares Music 1.0.0  Code: 28494  "de Bumped"
27.05.06 09:19:42	 Vendor: Gnutella 2.0 (GnucDNA  Code: 28494  "de Bumped"
27.05.06 09:25:14	 Vendor: Ares Music 1.0.0  Code: 26957  "nute Dead"
27.05.06 09:31:32	 Vendor: morph406 4.0.6.235  Code: 28494  "de Bumped"
27.05.06 09:33:14	 Vendor: Ares Gold 1.0.0  Code: 28494  "de Bumped"
27.05.06 09:37:50	 Vendor: Ares Gold 1.0.0  Code: 28494  "de Bumped"
27.05.06 09:38:24	 Vendor: Kiwi Alpha 2.5.4  Code: 28494  "de Bumped"
27.05.06 09:41:08	 Vendor: Ares Gold 1.0.0  Code: 28494  "de Bumped"
27.05.06 09:42:08	 Vendor: Gnutella 2.0 (GnucDNA  Code: 28494  "de Bumped"
27.05.06 09:42:15	 Vendor: Ares P2P 1.0.0 (GnucDNA  Code: 28494  "de Bumped"
27.05.06 09:44:17	 Vendor: Ares Gold 1.0.0  Code: 28494  "de Bumped"
27.05.06 09:45:01	 Vendor: Ares Gold 1.0.0  Code: 28494  "de Bumped"
27.05.06 09:45:24	 Vendor: Ares Gold 1.0.0  Code: 28494  "de Bumped"
27.05.06 09:56:12	 Vendor: Ares Gold 1.0.0  Code: 28494  "de Bumped"
27.05.06 10:01:51	 Vendor: Ares Gold 1.0.0  Code: 28494  "de Bumped"
27.05.06 10:03:42	 Vendor: Ares Gold 1.0.0  Code: 28494  "de Bumped"
27.05.06 10:07:41	 Vendor: Gnutella 2.0 (GnucDNA  Code: 28494  "de Bumped"
27.05.06 10:09:57	 Vendor: Gnutella 2.0 (GnucDNA  Code: 28494  "de Bumped"
27.05.06 10:17:25	 Vendor: Ares Gold 1.0.0  Code: 28494  "de Bumped"
27.05.06 10:23:13	 Vendor: Ares P2P 1.0.0 (GnucDNA  Code: 28494  "de Bumped"
27.05.06 10:27:16	 Vendor: Kiwi Alpha 2.2.0  Code: 28494  "de Bumped"
27.05.06 10:30:30	 Vendor: Ares Gold 1.0.0  Code: 28494  "de Bumped"
27.05.06 17:21:34	 Vendor: Ares Gold 1.0.0  Code: 28494  "de Bumped"
27.05.06 17:22:46	 Vendor: Ares Gold 1.0.0  Code: 28494  "de Bumped"
27.05.06 17:26:21	 Vendor: Ares P2P 1.0.0 (GnucDNA  Code: 28494  "de Bumped"
27.05.06 17:30:15	 Vendor: Ares P2P 1.0.0 (GnucDNA  Code: 28494  "de Bumped"
27.05.06 17:30:21	 Vendor: Ares P2P 1.0.0 (GnucDNA  Code: 28494  "de Bumped"
27.05.06 17:30:30	 Vendor: Ares P2P 1.0.0 (GnucDNA  Code: 28494  "de Bumped"
27.05.06 17:32:43	 Vendor: Ares P2P 1.0.0 (GnucDNA  Code: 28494  "de Bumped"
27.05.06 17:34:46	 Vendor: Ares Music 1.0.0  Code: 28494  "de Downgrading"
27.05.06 17:35:25	 Vendor: Ares P2P 1.0.0 (GnucDNA  Code: 28494  "de Bumped"
27.05.06 17:36:42	 Vendor: Ares Gold 1.0.0  Code: 28494  "de Bumped"
27.05.06 17:37:13	 Vendor: Ares MP3 1.0.0 (GnucDNA  Code: 28494  "de Bumped"
27.05.06 17:41:04	 Vendor: Ares Gold 1.0.0  Code: 28494  "de Bumped"
27.05.06 17:41:25	 Vendor: MP3 Galaxy 1.0.0  Code: 28494  "de Bumped"
27.05.06 17:41:26	 Vendor: Ares Gold 1.0.0  Code: 28494  "de Bumped"
27.05.06 17:41:41	 Vendor: Ares MP3 1.0.0 (GnucDNA  Code: 28494  "de Bumped"
27.05.06 17:42:56	 Vendor: Ares Gold 1.0.0  Code: 28494  "de Bumped"
27.05.06 17:46:02	 Vendor: Ares Music 1.0.0  Code: 28494  "de Bumped"
27.05.06 17:48:16	 Vendor: Ares P2P 1.0.0 (GnucDNA  Code: 28494  "de Bumped"
27.05.06 17:50:15	 Vendor: Gnutella 2.0 (GnucDNA  Code: 28494  "de Bumped"
27.05.06 17:51:16	 Vendor: Ares MP3 1.0.0 (GnucDNA  Code: 28494  "de Bumped"
27.05.06 18:02:56	 Vendor: Gnutella 2.0 (GnucDNA  Code: 28494  "de Bumped"
27.05.06 18:03:33	 Vendor: Ares Gold 1.0.0  Code: 28494  "de Bumped"
27.05.06 18:05:55	 Vendor: Gnutella 2.0 (GnucDNA  Code: 28494  "de Bumped"
27.05.06 18:06:25	 Vendor: Ares Gold 1.0.0  Code: 28494  "de Bumped"
27.05.06 18:07:13	 Vendor: Ares Gold 1.0.0  Code: 28494  "de Bumped"
27.05.06 18:07:32	 Vendor: Ares Gold 1.0.0  Code: 28494  "de Bumped"
27.05.06 18:08:47	 Vendor: Ares Gold 1.0.0  Code: 28494  "de Bumped"
27.05.06 18:09:22	 Vendor: Ares P2P 1.0.0 (GnucDNA  Code: 28494  "de Bumped"
27.05.06 18:10:11	 Vendor: Ares Gold 1.0.0  Code: 28494  "de Bumped"
27.05.06 18:16:39	 Vendor: Ares Music 1.0.0  Code: 28494  "de Bumped"
27.05.06 18:17:28	 Vendor: Kiwi Alpha 2.5.5  Code: 28494  "de Bumped"
27.05.06 18:18:22	 Vendor: BearShare Gold 1.0.0  Code: 28494  "de Bumped"
27.05.06 18:19:27	 Vendor: Ares Music 1.0.0  Code: 28494  "de Bumped"
27.05.06 18:19:45	 Vendor: BearShare Gold 1.0.0  Code: 28494  "de Bumped"
27.05.06 18:20:23	 Vendor: BearShare Gold 1.0.0  Code: 28494  "de Bumped"
27.05.06 18:21:46	 Vendor: Gnutella 2.0 (GnucDNA  Code: 28494  "de Bumped"
27.05.06 18:21:54	 Vendor: Ares Gold 1.0.0  Code: 28494  "de Bumped"
27.05.06 18:23:46	 Vendor: Ares Gold 1.0.0  Code: 28494  "de Bumped"
27.05.06 18:25:31	 Vendor: BearShare Gold 1.0.0  Code: 28494  "de Bumped"
27.05.06 18:25:42	 Vendor: Xolox 2.0.53.229  Code: 28494  "de Bumped"
27.05.06 18:26:08	 Vendor: Ares Music 1.0.0  Code: 28494  "de Bumped"
27.05.06 18:26:10	 Vendor: Ares Gold 1.0.0  Code: 28494  "de Bumped"
27.05.06 18:28:53	 Vendor: Ares Gold 1.0.0  Code: 28494  "de Bumped"
27.05.06 18:29:37	 Vendor: Morpheus 3.4.0.41  Code: 28494  "de Bumped"
27.05.06 18:35:03	 Vendor: Ares Gold 1.0.0  Code: 28494  "de Bumped"
27.05.06 18:37:25	 Vendor: Kiwi Alpha 2.2.5  Code: 28494  "de Bumped"
27.05.06 18:42:34	 Vendor: Ares MP3 1.0.0 (GnucDNA  Code: 28494  "de Bumped"
27.05.06 18:42:39	 Vendor: MP3 Galaxy 1.0.0  Code: 28494  "de Bumped"
27.05.06 18:42:52	 Vendor: Morpheus 3.4.0.41  Code: 28494  "de Bumped"
27.05.06 18:43:19	 Vendor: Ares Gold 1.0.0  Code: 28494  "de Bumped"
27.05.06 18:44:43	 Vendor: Ares Gold 1.0.0  Code: 28494  "de Bumped"
27.05.06 18:46:52	 Vendor: Ares Gold 1.0.0  Code: 28494  "de Downgrading"
27.05.06 18:52:24	 Vendor: Ares Gold 1.0.0  Code: 28494  "de Bumped"
27.05.06 18:52:25	 Vendor: Ares Gold 1.0.0  Code: 28494  "de Downgrading"
27.05.06 18:53:13	 Vendor: Ares P2P 1.0.0 (GnucDNA  Code: 28494  "de Bumped"
27.05.06 18:54:20	 Vendor: Mutella-0.4.5  Code: 47648  ""
27.05.06 18:54:29	 Vendor: Ares Gold 1.0.0  Code: 28494  "de Bumped"
27.05.06 18:54:34	 Vendor: Kiwi Alpha 2.2.5  Code: 28494  "de Bumped"
27.05.06 18:54:37	 Vendor: Ares Gold 1.0.0  Code: 28494  "de Bumped"
27.05.06 18:56:07	 Vendor: Ares Gold 1.0.0  Code: 28494  "de Bumped"
27.05.06 18:56:27	 Vendor: Ares Gold 1.0.0  Code: 28494  "de Bumped"
27.05.06 18:56:39	 Vendor: Ares Gold 1.0.0  Code: 28494  "de Bumped"
27.05.06 18:57:08	 Vendor: Ares Gold 1.0.0  Code: 28494  "de Bumped"
27.05.06 18:58:02	 Vendor: Ares Gold 1.0.0  Code: 28494  "de Bumped"
27.05.06 18:59:16	 Vendor: Ares Gold 1.0.0  Code: 28494  "de Bumped"
27.05.06 19:01:04	 Vendor: Ares Gold 1.0.0  Code: 28494  "de Bumped"
27.05.06 19:04:30	 Vendor: Ares Gold 1.0.0  Code: 28494  "de Bumped"
27.05.06 19:04:49	 Vendor: BearShare Gold 1.0.0  Code: 28494  "de Bumped"
27.05.06 19:04:53	 Vendor: Ares Gold 1.0.0  Code: 28494  "de Bumped"
27.05.06 19:04:57	 Vendor: Ares Gold 1.0.0  Code: 28494  "de Bumped"
27.05.06 19:05:02	 Vendor: Ares Gold 1.0.0  Code: 28494  "de Bumped"
27.05.06 19:06:04	 Vendor: Ares Music 1.0.0  Code: 28494  "de Bumped"
27.05.06 19:06:04	 Vendor: Gnutella 2.0 (GnucDNA  Code: 28494  "de Bumped"
27.05.06 19:08:34	 Vendor: Ares Gold 1.0.0  Code: 28494  "de Bumped"
27.05.06 19:09:19	 Vendor: LimeWire Gold 1.0.0  Code: 28494  "de Bumped"
27.05.06 19:09:32	 Vendor: Ares P2P 1.0.0 (GnucDNA  Code: 28494  "de Bumped"
27.05.06 19:09:55	 Vendor: Ares Gold 1.0.0  Code: 28494  "de Bumped"
27.05.06 19:10:35	 Vendor: Ares Gold 1.0.0  Code: 28494  "de Bumped"
27.05.06 19:11:05	 Vendor: Ares Gold 1.0.0  Code: 28494  "de Bumped"
27.05.06 19:11:11	 Vendor: Ares Gold 1.0.0  Code: 28494  "de Bumped"
27.05.06 19:11:42	 Vendor: Ares Gold 1.0.0  Code: 28494  "de Bumped"
27.05.06 19:14:06	 Vendor: Kiwi Alpha 2.5.4  Code: 28494  "de Bumped"
27.05.06 19:14:35	 Vendor: LimeWire Gold 1.0.0  Code: 28494  "de Bumped"
27.05.06 19:15:23	 Vendor: Ares MP3 1.0.0 (GnucDNA  Code: 28494  "de Bumped"
27.05.06 19:15:38	 Vendor: Ares Gold 1.0.0  Code: 28494  "de Bumped"
27.05.06 19:15:41	 Vendor: Ares MP3 1.0.0 (GnucDNA  Code: 28494  "de Bumped"
27.05.06 19:15:56	 Vendor: Ares Gold 1.0.0  Code: 28494  "de Bumped"
27.05.06 19:16:08	 Vendor: Ares Music 1.0.0  Code: 28494  "de Bumped"
27.05.06 19:16:11	 Vendor: Ares Music 1.0.0  Code: 28494  "de Bumped"
27.05.06 19:16:19	 Vendor: Ares MP3 1.0.0 (GnucDNA  Code: 28494  "de Bumped"
27.05.06 19:16:30	 Vendor: Ares MP3 1.0.0 (GnucDNA  Code: 28494  "de Bumped"
27.05.06 19:18:57	 Vendor: Ares Gold 1.0.0  Code: 28494  "de Bumped"
27.05.06 19:18:58	 Vendor: Ares Gold 1.0.0  Code: 28494  "de Bumped"
27.05.06 19:19:00	 Vendor: Ares P2P 1.0.0 (GnucDNA  Code: 28494  "de Bumped"
27.05.06 19:20:02	 Vendor: Kiwi Alpha 2.5.5  Code: 28494  "de Bumped"
27.05.06 19:22:02	 Vendor: Ares P2P 1.0.0 (GnucDNA  Code: 28494  "de Bumped"
27.05.06 19:22:06	 Vendor: Ares Gold 1.0.0  Code: 28494  "de Bumped"
27.05.06 19:22:38	 Vendor: Ares Gold 1.0.0  Code: 28494  "de Bumped"
27.05.06 19:26:09	 Vendor: Gnutella 2.0 (GnucDNA  Code: 28494  "de Bumped"
27.05.06 19:26:28	 Vendor: Ares Music 1.0.0  Code: 28494  "de Bumped"
27.05.06 19:31:09	 Vendor: Ares Gold 1.0.0  Code: 28494  "de Bumped"
27.05.06 19:32:37	 Vendor: Ares P2P 1.0.0 (GnucDNA  Code: 28494  "de Downgrading"
27.05.06 19:32:42	 Vendor: Gnutella 2.0 (GnucDNA  Code: 28494  "de Bumped"
27.05.06 19:33:41	 Vendor: Ares Gold 1.0.0  Code: 28494  "de Bumped"
27.05.06 19:33:51	 Vendor: Ares Gold 1.0.0  Code: 28494  "de Bumped"
27.05.06 19:35:38	 Vendor: Ares Gold 1.0.0  Code: 28494  "de Bumped"
27.05.06 19:36:11	 Vendor: Ares Gold 1.0.0  Code: 28494  "de Bumped"
27.05.06 19:36:58	 Vendor: Ares Gold 1.0.0  Code: 28494  "de Downgrading"
27.05.06 19:37:50	 Vendor: Ares Gold 1.0.0  Code: 28494  "de Bumped"
27.05.06 19:39:11	 Vendor: Ares P2P 1.0.0 (GnucDNA  Code: 28494  "de Bumped"
27.05.06 19:39:31	 Vendor: Ares Music 1.0.0  Code: 28494  "de Bumped"
27.05.06 19:39:44	 Vendor: Ares Gold 1.0.0  Code: 28494  "de Bumped"
27.05.06 19:39:51	 Vendor: Ares Gold 1.0.0  Code: 28494  "de Bumped"
27.05.06 19:40:16	 Vendor: Ares Gold 1.0.0  Code: 28494  "de Bumped"
27.05.06 19:40:19	 Vendor: Ares Gold 1.0.0  Code: 28494  "de Bumped"
27.05.06 19:40:24	 Vendor: Ares Gold 1.0.0  Code: 28494  "de Bumped"
27.05.06 19:40:33	 Vendor: Ares Gold 1.0.0  Code: 28494  "de Bumped"
27.05.06 19:40:54	 Vendor: Ares Gold 1.0.0  Code: 28494  "de Bumped"
27.05.06 19:41:12	 Vendor: LimeWire Gold 1.0.0  Code: 28494  "de Bumped"
27.05.06 19:42:12	 Vendor: Ares Music 1.0.0  Code: 28494  "de Bumped"
27.05.06 19:42:49	 Vendor: Kiwi Alpha 2.5.5  Code: 28494  "de Bumped"
27.05.06 19:42:55	 Vendor: Ares P2P 1.0.0 (GnucDNA  Code: 28494  "de Bumped"
27.05.06 19:43:27	 Vendor: Ares Gold 1.0.0  Code: 28494  "de Bumped"
27.05.06 19:45:23	 Vendor: Ares P2P 1.0.0 (GnucDNA  Code: 28494  "de Bumped"
27.05.06 19:45:42	 Vendor: morph492 4.9.2.354  Code: 200  "Node Bumped"
27.05.06 19:45:47	 Vendor: Ares Gold 1.0.0  Code: 28494  "de Bumped"
27.05.06 19:46:29	 Vendor: Ares Music 1.0.0  Code: 28494  "de Bumped"
27.05.06 19:47:58	 Vendor: Ares Download Client  Code: 28494  "de Bumped"
27.05.06 19:48:08	 Vendor: Ares Music 1.0.0  Code: 28494  "de Bumped"
27.05.06 19:48:08	 Vendor: Kiwi Alpha 2.5.5  Code: 28494  "de Downgrading"
27.05.06 19:48:39	 Vendor: Ares Music 1.0.0  Code: 28494  "de Bumped"
27.05.06 19:49:09	 Vendor: Ares Gold 1.0.0  Code: 28494  "de Bumped"
27.05.06 19:50:17	 Vendor: Ares P2P 1.0.0 (GnucDNA  Code: 28494  "de Bumped"
27.05.06 19:50:22	 Vendor: Ares P2P 1.0.0 (GnucDNA  Code: 28494  "de Bumped"
27.05.06 19:52:42	 Vendor: Kiwi Alpha 2.2.0  Code: 28494  "de Bumped"
27.05.06 19:55:34	 Vendor: Ares Music 1.0.0  Code: 28494  "de Bumped"
27.05.06 19:55:34	 Vendor: Ares Gold 1.0.0  Code: 28494  "de Bumped"
27.05.06 19:56:39	 Vendor: Ares Gold 1.0.0  Code: 28494  "de Bumped"
27.05.06 19:56:53	 Vendor: Kiwi Alpha 2.5.5  Code: 28494  "de Bumped"
27.05.06 19:57:31	 Vendor: Ares P2P 1.0.0 (GnucDNA  Code: 28494  "de Bumped"
27.05.06 19:58:56	 Vendor: Ares P2P 1.0.0 (GnucDNA  Code: 28494  "de Bumped"
27.05.06 19:59:05	 Vendor: Ares Music 1.0.0  Code: 28494  "de Bumped"
27.05.06 20:04:44	 Vendor: Ares P2P 1.0.0 (GnucDNA  Code: 28494  "de Bumped"
27.05.06 20:06:09	 Vendor: Ares MP3 1.0.0 (GnucDNA  Code: 28494  "de Bumped"
27.05.06 20:07:24	 Vendor: Ares P2P 1.0.0 (GnucDNA  Code: 28494  "de Bumped"
27.05.06 20:08:19	 Vendor: Ares Music 1.0.0  Code: 28494  "de Bumped"
27.05.06 20:09:00	 Vendor: Ares Gold 1.0.0  Code: 28494  "de Bumped"
27.05.06 20:10:23	 Vendor: Ares Gold 1.0.0  Code: 28494  "de Bumped"
27.05.06 20:11:22	 Vendor: Ares Gold 1.0.0  Code: 28494  "de Downgrading"
27.05.06 20:11:54	 Vendor: Ares Gold 1.0.0  Code: 28494  "de Bumped"
27.05.06 20:12:24	 Vendor: Ares Gold 1.0.0  Code: 28494  "de Bumped"
27.05.06 20:13:21	 Vendor: MP3 Galaxy 1.0.0  Code: 28494  "de Bumped"
27.05.06 20:14:23	 Vendor: Ares Gold 1.0.0  Code: 28494  "de Bumped"
27.05.06 20:14:41	 Vendor: Ares Gold 1.0.0  Code: 28494  "de Downgrading"
27.05.06 20:15:00	 Vendor: Ares Music 1.0.0  Code: 28494  "de Bumped"
27.05.06 20:15:01	 Vendor: Ares Gold 1.0.0  Code: 28494  "de Bumped"
27.05.06 20:15:22	 Vendor: Kiwi Alpha 2.2.5  Code: 28494  "de Bumped"
27.05.06 20:16:18	 Vendor: Ares Gold 1.0.0  Code: 28494  "de Bumped"
27.05.06 20:17:44	 Vendor: Ares Gold 1.0.0  Code: 28494  "de Bumped"
27.05.06 20:18:22	 Vendor: Ares P2P 1.0.0 (GnucDNA  Code: 28494  "de Bumped"
27.05.06 20:18:42	 Vendor: Ares Gold 1.0.0  Code: 28494  "de Bumped"
27.05.06 20:19:04	 Vendor: Ares P2P 1.0.0 (GnucDNA  Code: 28494  "de Bumped"
27.05.06 20:21:29	 Vendor: Ares Gold 1.0.0  Code: 28494  "de Bumped"
27.05.06 20:22:20	 Vendor: Ares Music 1.0.0  Code: 28494  "de Bumped"
27.05.06 20:22:32	 Vendor: Ares Gold 1.0.0  Code: 28494  "de Bumped"
27.05.06 20:23:01	 Vendor: Ares Gold 1.0.0  Code: 28494  "de Bumped"
27.05.06 20:23:38	 Vendor: Ares Gold 1.0.0  Code: 28494  "de Bumped"
27.05.06 20:25:15	 Vendor: Gnutella 2.0 (GnucDNA  Code: 28494  "de Bumped"
27.05.06 20:25:39	 Vendor: Ares Gold 1.0.0  Code: 28494  "de Bumped"
27.05.06 20:26:20	 Vendor: Ares P2P 1.0.0 (GnucDNA  Code: 28494  "de Bumped"
27.05.06 20:26:55	 Vendor: Ares Gold 1.0.0  Code: 28494  "de Bumped"
27.05.06 20:32:31	 Vendor: MP3 Galaxy 1.0.0  Code: 28494  "de Bumped"
27.05.06 20:32:57	 Vendor: Ares Gold 1.0.0  Code: 28494  "de Downgrading"
27.05.06 20:33:57	 Vendor: Ares P2P 1.0.0 (GnucDNA  Code: 28494  "de Bumped"
27.05.06 20:37:29	 Vendor: Ares Gold 1.0.0  Code: 28494  "de Bumped"
27.05.06 20:38:07	 Vendor: Ares P2P 1.0.0 (GnucDNA  Code: 28494  "de Bumped"
27.05.06 20:40:20	 Vendor: Kiwi Alpha 2.1.5  Code: 28494  "de Bumped"
27.05.06 20:42:31	 Vendor: Ares Gold 1.0.0  Code: 28494  "de Bumped"
27.05.06 20:44:08	 Vendor: Ares Gold 1.0.0  Code: 28494  "de Bumped"
27.05.06 20:44:48	 Vendor: Morpheus 3.4.0.41  Code: 28494  "de Bumped"
27.05.06 20:45:02	 Vendor: MP3 Galaxy 1.0.0  Code: 28494  "de Bumped"
27.05.06 20:46:34	 Vendor: Ares Gold 1.0.0  Code: 28494  "de Bumped"
27.05.06 20:47:22	 Vendor: Ares Music 1.0.0  Code: 28494  "de Bumped"
27.05.06 20:48:16	 Vendor: Ares Gold 1.0.0  Code: 28494  "de Bumped"
27.05.06 20:48:18	 Vendor: Ares Gold 1.0.0  Code: 28494  "de Bumped"
27.05.06 20:49:11	 Vendor: MP3 Galaxy 1.0.0  Code: 28494  "de Bumped"
27.05.06 20:49:28	 Vendor: Ares Gold 1.0.0  Code: 28494  "de Bumped"
27.05.06 20:50:14	 Vendor: Ares P2P 1.0.0 (GnucDNA  Code: 28494  "de Bumped"
27.05.06 20:50:19	 Vendor: Ares MP3 1.0.0 (GnucDNA  Code: 28494  "de Bumped"
27.05.06 20:50:38	 Vendor: Ares Gold 1.0.0  Code: 28494  "de Bumped"
27.05.06 20:51:46	 Vendor: Gnutella 2.0 (GnucDNA  Code: 28494  "de Bumped"
27.05.06 20:52:20	 Vendor: Ares P2P 1.0.0 (GnucDNA  Code: 28494  "de Bumped"
27.05.06 20:52:21	 Vendor: Ares MP3 1.0.0 (GnucDNA  Code: 28494  "de Bumped"
27.05.06 20:52:35	 Vendor: Ares Gold 1.0.0  Code: 28494  "de Bumped"
27.05.06 20:52:59	 Vendor: Ares Music 1.0.0  Code: 28494  "de Bumped"
27.05.06 20:54:44	 Vendor: Ares P2P 1.0.0 (GnucDNA  Code: 28494  "de Bumped"
27.05.06 20:55:35	 Vendor: Ares Gold 1.0.0  Code: 28494  "de Bumped"
27.05.06 20:56:24	 Vendor: Ares Gold 1.0.0  Code: 28494  "de Bumped"
27.05.06 20:56:30	 Vendor: Ares Gold 1.0.0  Code: 28494  "de Bumped"
27.05.06 20:58:27	 Vendor: Ares Music 1.0.0  Code: 28494  "de Bumped"
27.05.06 21:00:48	 Vendor: Gnutella 2.0 (GnucDNA  Code: 28494  "de Bumped"
27.05.06 21:03:08	 Vendor: Ares Gold 1.0.0  Code: 28494  "de Bumped"
27.05.06 21:05:35	 Vendor: Ares Gold 1.0.0  Code: 28494  "de Bumped"
27.05.06 21:07:48	 Vendor: Ares P2P 1.0.0 (GnucDNA  Code: 28494  "de Bumped"
27.05.06 21:07:58	 Vendor: Kiwi Alpha 2.5.5  Code: 28494  "de Downgrading"
27.05.06 21:08:52	 Vendor: Ares Gold 1.0.0  Code: 28494  "de Bumped"
27.05.06 21:08:59	 Vendor: Ares Gold 1.0.0  Code: 28494  "de Bumped"
27.05.06 21:09:20	 Vendor: Ares Gold 1.0.0  Code: 28494  "de Bumped"
27.05.06 21:09:48	 Vendor: Ares Gold 1.0.0  Code: 28494  "de Downgrading"
27.05.06 21:10:39	 Vendor: Gnutella 2.0 (GnucDNA  Code: 28494  "de Bumped"
27.05.06 21:10:41	 Vendor: Ares Gold 1.0.0  Code: 28494  "de Bumped"
27.05.06 21:11:16	 Vendor: Ares MP3 1.0.0 (GnucDNA  Code: 28494  "de Bumped"
27.05.06 21:11:20	 Vendor: Ares P2P 1.0.0 (GnucDNA  Code: 28494  "de Bumped"
27.05.06 21:11:22	 Vendor: Gnutella 2.0 (GnucDNA  Code: 28494  "de Bumped"
27.05.06 21:11:24	 Vendor: Ares Music 1.0.0  Code: 28494  "de Bumped"
27.05.06 21:11:45	 Vendor: Ares Gold 1.0.0  Code: 28494  "de Bumped"
27.05.06 21:11:49	 Vendor: Ares Gold 1.0.0  Code: 28494  "de Bumped"
27.05.06 21:12:16	 Vendor: Ares Gold 1.0.0  Code: 28494  "de Bumped"
27.05.06 21:12:18	 Vendor: Ares  Code: 28494  "de Bumped"
27.05.06 21:13:33	 Vendor: Ares Gold 1.0.0  Code: 28494  "de Bumped"
27.05.06 21:13:49	 Vendor: Ares Gold 1.0.0  Code: 28494  "de Bumped"
27.05.06 21:14:25	 Vendor: Gnutella 2.0 (GnucDNA  Code: 28494  "de Bumped"
27.05.06 21:14:26	 Vendor: Ares Gold 1.0.0  Code: 28494  "de Bumped"
27.05.06 21:14:30	 Vendor: Ares P2P 1.0.0 (GnucDNA  Code: 28494  "de Bumped"
27.05.06 21:14:52	 Vendor: Ares Gold 1.0.0  Code: 28494  "de Bumped"
27.05.06 21:17:57	 Vendor: Ares Music 1.0.0  Code: 28494  "de Bumped"
27.05.06 21:18:18	 Vendor: Ares Music 1.0.0  Code: 28494  "de Bumped"
27.05.06 21:18:31	 Vendor: Ares Gold 1.0.0  Code: 28494  "de Bumped"
27.05.06 21:20:12	 Vendor: Ares Music 1.0.0  Code: 28494  "de Bumped"
27.05.06 21:20:12	 Vendor: Ares Gold 1.0.0  Code: 28494  "de Bumped"
27.05.06 21:20:38	 Vendor: Ares Gold 1.0.0  Code: 28494  "de Bumped"
27.05.06 21:20:47	 Vendor: Ares Gold 1.0.0  Code: 28494  "de Bumped"
27.05.06 21:21:08	 Vendor: Ares Gold 1.0.0  Code: 28494  "de Bumped"
27.05.06 21:21:49	 Vendor: Ares Gold 1.0.0  Code: 28494  "de Bumped"
27.05.06 21:24:42	 Vendor: Ares Gold 1.0.0  Code: 28494  "de Bumped"
27.05.06 21:25:11	 Vendor: Morpheus 3.0.3.6  Code: 28494  "de Bumped"
27.05.06 21:29:32	 Vendor: Ares Gold 1.0.0  Code: 28494  "de Downgrading"
27.05.06 21:30:10	 Vendor: Ares Music 1.0.0  Code: 28494  "de Bumped"
27.05.06 21:30:20	 Vendor: Ares MP3 1.0.0 (GnucDNA  Code: 28494  "de Bumped"
27.05.06 21:30:27	 Vendor: Ares MP3 1.0.0 (GnucDNA  Code: 28494  "de Bumped"
27.05.06 21:32:19	 Vendor: Ares P2P 1.0.0 (GnucDNA  Code: 28494  "de Bumped"
27.05.06 21:32:37	 Vendor: Ares Gold 1.0.0  Code: 28494  "de Bumped"
27.05.06 21:33:45	 Vendor: Ares Gold 1.0.0  Code: 28494  "de Downgrading"
27.05.06 21:34:46	 Vendor: Ares P2P 1.0.0 (GnucDNA  Code: 28494  "de Bumped"
27.05.06 21:36:23	 Vendor: Ares Gold 1.0.0  Code: 28494  "de Bumped"
27.05.06 21:36:24	 Vendor: Kiwi Alpha 2.5.4  Code: 28494  "de Bumped"
27.05.06 21:38:09	 Vendor: Ares Gold 1.0.0  Code: 28494  "de Bumped"
27.05.06 21:42:42	 Vendor: Ares Gold 1.0.0  Code: 28494  "de Bumped"
27.05.06 21:44:02	 Vendor: Ares Gold 1.0.0  Code: 28494  "de Bumped"
27.05.06 21:44:42	 Vendor: Ares MP3 1.0.0 (GnucDNA  Code: 28494  "de Bumped"
27.05.06 21:48:07	 Vendor: Ares Gold 1.0.0  Code: 28494  "de Bumped"
27.05.06 21:48:46	 Vendor: Ares Gold 1.0.0  Code: 28494  "de Bumped"
27.05.06 21:49:51	 Vendor: Ares Music 1.0.0  Code: 28494  "de Bumped"
27.05.06 21:50:09	 Vendor: Ares Gold 1.0.0  Code: 28494  "de Downgrading"
27.05.06 21:51:08	 Vendor: BearShare Download  Code: 28494  "de Downgrading"
27.05.06 21:51:37	 Vendor: Ares P2P 1.0.0 (GnucDNA  Code: 28494  "de Bumped"
27.05.06 21:54:11	 Vendor: Ares MP3 1.0.0 (GnucDNA  Code: 28494  "de Downgrading"
27.05.06 21:55:03	 Vendor: BearShare Download  Code: 28494  "de Bumped"
27.05.06 21:59:23	 Vendor: BearShare Download  Code: 28494  "de Bumped"
27.05.06 22:00:00	 Vendor: Ares Gold 1.0.0  Code: 28494  "de Downgrading"
27.05.06 22:01:11	 Vendor: Ares P2P 1.0.0 (GnucDNA  Code: 28494  "de Bumped"
27.05.06 22:01:20	 Vendor: Ares MP3 1.0.0 (GnucDNA  Code: 28494  "de Bumped"
27.05.06 22:04:00	 Vendor: Ares MP3 1.0.0 (GnucDNA  Code: 28494  "de Bumped"
27.05.06 22:04:18	 Vendor: Ares MP3 1.0.0 (GnucDNA  Code: 28494  "de Bumped"
27.05.06 22:04:41	 Vendor: Ares P2P 1.0.0 (GnucDNA  Code: 28494  "de Downgrading"
27.05.06 22:04:47	 Vendor: Ares MP3 1.0.0 (GnucDNA  Code: 28494  "de Bumped"
27.05.06 22:05:12	 Vendor: Ares Gold 1.0.0  Code: 28494  "de Bumped"
27.05.06 22:05:27	 Vendor: Ares MP3 1.0.0 (GnucDNA  Code: 28494  "de Bumped"
27.05.06 22:05:34	 Vendor: Ares MP3 1.0.0 (GnucDNA  Code: 28494  "de Bumped"
27.05.06 22:05:58	 Vendor: LimeWire Gold 1.0.0  Code: 28494  "de Bumped"
27.05.06 22:06:22	 Vendor: morph492 4.9.2.354  Code: 200  "Node Bumped"
27.05.06 22:06:26	 Vendor: Ares Gold 1.0.0  Code: 28494  "de Bumped"
27.05.06 22:06:36	 Vendor: Ares P2P 1.0.0 (GnucDNA  Code: 28494  "de Bumped"
27.05.06 22:10:26	 Vendor: Ares Gold 1.0.0  Code: 28494  "de Downgrading"
27.05.06 22:12:27	 Vendor: Ares Gold 1.0.0  Code: 28494  "de Bumped"
27.05.06 22:12:30	 Vendor: Ares Music 1.0.0  Code: 28494  "de Bumped"
27.05.06 22:12:32	 Vendor: Ares Gold 1.0.0  Code: 28494  "de Bumped"
27.05.06 22:13:02	 Vendor: Ares MP3 1.0.0 (GnucDNA  Code: 28494  "de Bumped"
27.05.06 22:13:22	 Vendor: Ares Gold 1.0.0  Code: 28494  "de Bumped"
27.05.06 22:13:26	 Vendor: Ares P2P 1.0.0 (GnucDNA  Code: 28494  "de Bumped"
27.05.06 22:13:38	 Vendor: Ares P2P 1.0.0 (GnucDNA  Code: 28494  "de Bumped"
27.05.06 22:13:44	 Vendor: Ares Gold 1.0.0  Code: 28494  "de Bumped"
27.05.06 22:14:31	 Vendor: Ares Gold 1.0.0  Code: 28494  "de Bumped"
27.05.06 22:14:57	 Vendor: Ares P2P 1.0.0 (GnucDNA  Code: 28494  "de Bumped"
27.05.06 22:15:07	 Vendor: Ares Gold 1.0.0  Code: 28494  "de Bumped"
27.05.06 22:18:18	 Vendor: Ares P2P 1.0.0 (GnucDNA  Code: 28494  "de Bumped"
27.05.06 22:20:47	 Vendor: morph482 4.8.2.347  Code: 200  "Node Bumped"
27.05.06 22:21:06	 Vendor: Ares Gold 1.0.0  Code: 28494  "de Bumped"
27.05.06 22:22:01	 Vendor: morph482 4.8.2.347  Code: 200  "Node Bumped"
27.05.06 22:22:15	 Vendor: Ares Gold 1.0.0  Code: 28494  "de Bumped"
27.05.06 22:24:48	 Vendor: Ares Gold 1.0.0  Code: 28494  "de Bumped"
27.05.06 22:25:19	 Vendor: Morpheus 3.4.0.41  Code: 28494  "de Bumped"
27.05.06 22:27:11	 Vendor: Morpheus 3.4.0.41  Code: 28494  "de Bumped"
27.05.06 22:28:23	 Vendor: Ares Music 1.0.0  Code: 28494  "de Bumped"
27.05.06 22:30:54	 Vendor: Ares P2P 1.0.0 (GnucDNA  Code: 28494  "de Bumped"
27.05.06 22:31:15	 Vendor: Ares Gold 1.0.0  Code: 28494  "de Bumped"
27.05.06 22:35:05	 Vendor: Ares Gold 1.0.0  Code: 28494  "de Downgrading"
27.05.06 22:36:08	 Vendor: Ares P2P 1.0.0 (GnucDNA  Code: 28494  "de Bumped"
27.05.06 22:37:02	 Vendor: Ares Gold 1.0.0  Code: 28494  "de Bumped"
27.05.06 22:37:34	 Vendor: BearShare Gold 1.0.0  Code: 28494  "de Bumped"
27.05.06 22:38:06	 Vendor: Ares Gold 1.0.0  Code: 28494  "de Bumped"
27.05.06 22:43:03	 Vendor: BearShare Gold 1.0.0  Code: 28494  "de Bumped"
27.05.06 22:45:39	 Vendor: BearShare Download  Code: 28494  "de Bumped"
27.05.06 22:46:07	 Vendor: BearShare Download  Code: 28494  "de Bumped"
27.05.06 22:46:41	 Vendor: Ares Gold 1.0.0  Code: 28494  "de Downgrading"
27.05.06 22:47:06	 Vendor: Ares P2P 1.0.0 (GnucDNA  Code: 28494  "de Bumped"
27.05.06 22:48:03	 Vendor: Ares P2P 1.0.0 (GnucDNA  Code: 28494  "de Bumped"
27.05.06 22:48:49	 Vendor: Ares P2P 1.0.0 (GnucDNA  Code: 28494  "de Bumped"
27.05.06 22:49:51	 Vendor: Ares MP3 1.0.0 (GnucDNA  Code: 28494  "de Bumped"
27.05.06 22:52:43	 Vendor: Kiwi Alpha 2.5.5  Code: 28494  "de Bumped"
27.05.06 22:54:46	 Vendor: Ares Gold 1.0.0  Code: 28494  "de Bumped"
27.05.06 22:57:19	 Vendor: Ares P2P 1.0.0 (GnucDNA  Code: 28494  "de Bumped"
27.05.06 22:58:21	 Vendor: Kiwi Alpha 2.5.5  Code: 28494  "de Bumped"
27.05.06 23:00:31	 Vendor: Gnutella 2.0 (GnucDNA  Code: 28494  "de Bumped"
27.05.06 23:07:35	 Vendor: Ares Gold 1.0.0  Code: 28494  "de Bumped"
27.05.06 23:07:40	 Vendor: Ares Gold 1.0.0  Code: 28494  "de Bumped"
27.05.06 23:08:54	 Vendor: Ares Gold 1.0.0  Code: 28494  "de Bumped"
27.05.06 23:11:29	 Vendor: Ares Gold 1.0.0  Code: 28494  "de Bumped"
27.05.06 23:12:47	 Vendor: Ares Music 1.0.0  Code: 28494  "de Downgrading"
27.05.06 23:13:12	 Vendor: Ares Gold 1.0.0  Code: 28494  "de Downgrading"
27.05.06 23:15:51	 Vendor: Kiwi Alpha 2.5.4  Code: 28494  "de Bumped"
27.05.06 23:16:14	 Vendor: Ares Gold 1.0.0  Code: 28494  "de Bumped"
27.05.06 23:27:56	 Vendor: Ares Gold 1.0.0  Code: 28494  "de Bumped"
27.05.06 23:29:53	 Vendor: MP3 Galaxy 1.0.0  Code: 28494  "de Bumped"
27.05.06 23:30:55	 Vendor: Ares Gold 1.0.0  Code: 28494  "de Bumped"
27.05.06 23:31:11	 Vendor: Ares Gold 1.0.0  Code: 28494  "de Bumped"
27.05.06 23:32:10	 Vendor: MP3 Galaxy 1.0.0  Code: 28494  "de Bumped"
27.05.06 23:32:39	 Vendor: MP3 Galaxy 1.0.0  Code: 28494  "de Bumped"
27.05.06 23:33:09	 Vendor: Ares Gold 1.0.0  Code: 28494  "de Bumped"
27.05.06 23:34:57	 Vendor: Ares Gold 1.0.0  Code: 28494  "de Bumped"
27.05.06 23:36:52	 Vendor: Ares Gold 1.0.0  Code: 28494  "de Bumped"
27.05.06 23:37:12	 Vendor: Ares P2P 1.0.0 (GnucDNA  Code: 28494  "de Bumped"
27.05.06 23:37:18	 Vendor: BearShare Gold 1.0.0  Code: 28494  "de Downgrading"
27.05.06 23:37:34	 Vendor: Ares Gold 1.0.0  Code: 28494  "de Downgrading"
27.05.06 23:37:47	 Vendor: Ares Gold 1.0.0  Code: 28494  "de Bumped"
27.05.06 23:37:54	 Vendor: Ares P2P 1.0.0 (GnucDNA  Code: 28494  "de Bumped"
27.05.06 23:38:24	 Vendor: Ares Gold 1.0.0  Code: 28494  "de Bumped"
27.05.06 23:38:25	 Vendor: Ares P2P 1.0.0 (GnucDNA  Code: 28494  "de Bumped"
27.05.06 23:41:18	 Vendor: Kiwi Alpha 2.5.0  Code: 28494  "de Bumped"
27.05.06 23:43:37	 Vendor: Ares  Code: 28494  "de Downgrading"
27.05.06 23:43:56	 Vendor: Ares P2P 1.0.0 (GnucDNA  Code: 28494  "de Bumped"
27.05.06 23:45:28	 Vendor: Ares P2P 1.0.0 (GnucDNA  Code: 28494  "de Bumped"
27.05.06 23:45:47	 Vendor: Ares Galaxy SE 1.0.0  Code: 28494  "de Bumped"
27.05.06 23:47:28	 Vendor: Gnutella 2.0 (GnucDNA  Code: 28494  "de Bumped"
27.05.06 23:48:44	 Vendor: Gnutella 2.0 (GnucDNA  Code: 28494  "de Downgrading"
27.05.06 23:48:55	 Vendor: Ares MP3 1.0.0 (GnucDNA  Code: 28494  "de Bumped"
27.05.06 23:50:59	 Vendor: Ares MP3 1.0.0 (GnucDNA  Code: 28494  "de Bumped"
27.05.06 23:52:36	 Vendor: Ares Gold 1.0.0  Code: 28494  "de Bumped"
27.05.06 23:53:07	 Vendor: Ares Gold 1.0.0  Code: 28494  "de Bumped"
27.05.06 23:53:59	 Vendor: Ares Gold 1.0.0  Code: 28494  "de Bumped"
27.05.06 23:54:51	 Vendor: Ares Music 1.0.0  Code: 28494  "de Bumped"
27.05.06 23:55:12	 Vendor: Ares MP3 1.0.0 (GnucDNA  Code: 28494  "de Bumped"
27.05.06 23:55:46	 Vendor: Ares Gold 1.0.0  Code: 28494  "de Bumped"
27.05.06 23:56:11	 Vendor: Ares MP3 1.0.0 (GnucDNA  Code: 28494  "de Bumped"
27.05.06 23:56:15	 Vendor: Kiwi Alpha 2.5.5  Code: 28494  "de Downgrading"
28.05.06 00:04:56	 Vendor: Ares MP3 1.0.0 (GnucDNA  Code: 28494  "de Downgrading"
28.05.06 00:05:42	 Vendor: Ares Gold 1.0.0  Code: 28494  "de Bumped"
28.05.06 00:07:01	 Vendor: MP3 Galaxy 1.0.0  Code: 28494  "de Bumped"
28.05.06 00:07:19	 Vendor: Ares Gold 1.0.0  Code: 28494  "de Downgrading"
28.05.06 00:08:29	 Vendor: Kiwi Alpha 2.5.1  Code: 28494  "de Downgrading"
28.05.06 00:11:03	 Vendor: Ares Gold 1.0.0  Code: 28494  "de Downgrading"
28.05.06 00:14:41	 Vendor: Gnutella 2.0 (GnucDNA  Code: 28494  "de Bumped"
28.05.06 00:15:19	 Vendor: Ares P2P 1.0.0 (GnucDNA  Code: 28494  "de Bumped"
28.05.06 00:18:17	 Vendor: Ares Music 1.0.0  Code: 28494  "de Bumped"
28.05.06 00:18:31	 Vendor: Gnutella 2.0 (GnucDNA  Code: 28494  "de Bumped"
28.05.06 00:19:23	 Vendor: Gnutella 2.0 (GnucDNA  Code: 28494  "de Bumped"
28.05.06 00:20:19	 Vendor: Ares Gold 1.0.0  Code: 28494  "de Bumped"
28.05.06 00:20:37	 Vendor: Ares P2P 1.0.0 (GnucDNA  Code: 28494  "de Bumped"
28.05.06 00:20:51	 Vendor: Gnutella 2.0 (GnucDNA  Code: 28494  "de Bumped"
28.05.06 00:23:29	 Vendor: Ares Gold 1.0.0  Code: 28494  "de Bumped"
28.05.06 00:24:02	 Vendor: Ares MP3 1.0.0 (GnucDNA  Code: 28494  "de Bumped"
28.05.06 00:25:03	 Vendor: Ares Gold 1.0.0  Code: 28494  "de Bumped"
28.05.06 00:25:21	 Vendor: Ares Gold 1.0.0  Code: 28494  "de Bumped"
28.05.06 00:26:30	 Vendor: Ares Gold 1.0.0  Code: 28494  "de Bumped"
28.05.06 00:27:38	 Vendor: Ares Gold 1.0.0  Code: 28494  "de Bumped"
28.05.06 00:28:26	 Vendor: Ares Gold 1.0.0  Code: 28494  "de Bumped"
28.05.06 00:29:57	 Vendor: Ares P2P 1.0.0 (GnucDNA  Code: 28494  "de Bumped"
28.05.06 00:30:03	 Vendor: Ares P2P 1.0.0 (GnucDNA  Code: 28494  "de Downgrading"
28.05.06 00:32:42	 Vendor: Ares P2P 1.0.0 (GnucDNA  Code: 28494  "de Bumped"
28.05.06 00:33:09	 Vendor: Ares Music 1.0.0  Code: 28494  "de Bumped"
28.05.06 00:35:10	 Vendor: Ares Gold 1.0.0  Code: 28494  "de Downgrading"
28.05.06 00:36:44	 Vendor: Ares Music 1.0.0  Code: 28494  "de Bumped"
28.05.06 00:36:58	 Vendor: Ares Gold 1.0.0  Code: 28494  "de Bumped"
28.05.06 00:37:03	 Vendor: Ares Music 1.0.0  Code: 28494  "de Bumped"
28.05.06 00:37:26	 Vendor: Ares SE 1.0.0 (GnucDNA  Code: 28494  "de Bumped"
28.05.06 00:37:45	 Vendor: Ares Music 1.0.0  Code: 28494  "de Bumped"
28.05.06 00:37:51	 Vendor: Ares Gold 1.0.0  Code: 28494  "de Bumped"
28.05.06 00:40:53	 Vendor: Ares P2P 1.0.0 (GnucDNA  Code: 28494  "de Bumped"
28.05.06 00:45:11	 Vendor: Ares Gold 1.0.0  Code: 28494  "de Bumped"
28.05.06 00:47:39	 Vendor: Ares Gold 1.0.0  Code: 28494  "de Bumped"
28.05.06 00:48:56	 Vendor: Ares Gold 1.0.0  Code: 28494  "de Bumped"
28.05.06 00:50:57	 Vendor: Ares Gold 1.0.0  Code: 28494  "de Bumped"
28.05.06 00:51:34	 Vendor: morph492 4.9.2.355  Code: 200  "Node Bumped"
28.05.06 00:53:24	 Vendor: Ares Gold 1.0.0  Code: 28494  "de Bumped"
28.05.06 00:53:51	 Vendor: Ares Gold 1.0.0  Code: 28494  "de Bumped"
28.05.06 00:57:30	 Vendor: Ares MP3 1.0.0 (GnucDNA  Code: 28494  "de Downgrading"
28.05.06 00:58:25	 Vendor: Morpheus Download  Code: 28494  "de Bumped"
28.05.06 00:58:37	 Vendor: Ares Gold 1.0.0  Code: 28494  "de Bumped"
28.05.06 00:59:29	 Vendor: Ares P2P 1.0.0 (GnucDNA  Code: 28494  "de Bumped"
28.05.06 01:00:01	 Vendor: Ares P2P 1.0.0 (GnucDNA  Code: 28494  "de Bumped"
28.05.06 01:00:54	 Vendor: Ares Gold 1.0.0  Code: 28494  "de Bumped"
28.05.06 01:00:55	 Vendor: Ares MP3 1.0.0 (GnucDNA  Code: 28494  "de Bumped"
28.05.06 01:01:13	 Vendor: Ares P2P 1.0.0 (GnucDNA  Code: 28494  "de Bumped"
28.05.06 01:06:39	 Vendor: Ares MP3 1.0.0 (GnucDNA  Code: 28494  "de Bumped"
28.05.06 01:06:53	 Vendor: Ares Music 1.0.0  Code: 28494  "de Bumped"
28.05.06 01:06:58	 Vendor: Gnutella 2.0 (GnucDNA  Code: 28494  "de Downgrading"
28.05.06 01:07:35	 Vendor: Ares Gold 1.0.0  Code: 28494  "de Bumped"
28.05.06 01:09:11	 Vendor: Ares Gold 1.0.0  Code: 28494  "de Downgrading"
28.05.06 01:10:19	 Vendor: Ares P2P 1.0.0 (GnucDNA  Code: 28494  "de Bumped"
28.05.06 01:16:12	 Vendor: Kiwi Alpha 2.5.5  Code: 28494  "de Bumped"
28.05.06 01:17:22	 Vendor: Ares SE 1.0.0 (GnucDNA  Code: 28494  "de Bumped"
28.05.06 01:23:01	 Vendor: Ares Gold 1.0.0  Code: 28494  "de Bumped"
28.05.06 01:23:54	 Vendor: Ares Gold 1.0.0  Code: 28494  "de Bumped"
28.05.06 01:24:27	 Vendor: Ares Gold 1.0.0  Code: 28494  "de Bumped"
28.05.06 01:24:34	 Vendor: Ares Gold 1.0.0  Code: 28494  "de Downgrading"
28.05.06 01:25:26	 Vendor: Ares Gold 1.0.0  Code: 28494  "de Bumped"
28.05.06 01:27:46	 Vendor: Gnutella 2.0 (GnucDNA  Code: 28494  "de Bumped"
28.05.06 01:28:18	 Vendor: Ares Gold 1.0.0  Code: 28494  "de Bumped"
28.05.06 01:28:54	 Vendor: LimeWire Download  Code: 28494  "de Bumped"
28.05.06 01:31:40	 Vendor: morph480 4.8.0.341  Code: 200  "Node Bumped"
28.05.06 01:34:55	 Vendor: Ares MP3 1.0.0 (GnucDNA  Code: 28494  "de Bumped"
28.05.06 01:35:38	 Vendor: Ares Gold 1.0.0  Code: 28494  "de Bumped"
28.05.06 01:36:23	 Vendor: Ares P2P 1.0.0 (GnucDNA  Code: 28494  "de Bumped"
28.05.06 01:37:07	 Vendor: Gnutella 2.0 (GnucDNA  Code: 28494  "de Bumped"
28.05.06 01:37:57	 Vendor: Ares Music 1.0.0  Code: 28494  "de Bumped"
28.05.06 01:38:03	 Vendor: Ares  Code: 28494  "de Bumped"
28.05.06 01:41:54	 Vendor: Ares Gold 1.0.0  Code: 28494  "de Bumped"
28.05.06 01:43:04	 Vendor: Gnutella 2.0 (GnucDNA  Code: 28494  "de Bumped"
28.05.06 01:43:22	 Vendor: Ares Gold 1.0.0  Code: 28494  "de Bumped"
28.05.06 01:45:18	 Vendor: Ares Gold 1.0.0  Code: 28494  "de Bumped"
28.05.06 01:49:26	 Vendor: Ares Gold 1.0.0  Code: 28494  "de Bumped"
28.05.06 01:55:11	 Vendor: Ares Gold 1.0.0  Code: 28494  "de Bumped"
28.05.06 01:55:18	 Vendor: Ares Gold 1.0.0  Code: 28494  "de Bumped"
28.05.06 01:55:33	 Vendor: Ares Gold 1.0.0  Code: 28494  "de Bumped"
28.05.06 01:56:57	 Vendor: Ares Gold 1.0.0  Code: 28494  "de Bumped"
28.05.06 01:57:23	 Vendor: Ares Gold 1.0.0  Code: 28494  "de Bumped"
28.05.06 01:59:17	 Vendor: Ares SE 1.0.0 (GnucDNA  Code: 28494  "de Bumped"
28.05.06 01:59:54	 Vendor: Ares Gold 1.0.0  Code: 28494  "de Bumped"
28.05.06 02:02:37	 Vendor: Xolox 2.0.53.229  Code: 28494  "de Bumped"
28.05.06 02:08:13	 Vendor: Xolox 2.0.53.229  Code: 28494  "de Bumped"
28.05.06 02:10:13	 Vendor: Ares Gold 1.0.0  Code: 28494  "de Bumped"
28.05.06 02:10:14	 Vendor: Ares Gold 1.0.0  Code: 28494  "de Bumped"
28.05.06 02:10:25	 Vendor: Ares Gold 1.0.0  Code: 28494  "de Bumped"
28.05.06 02:12:02	 Vendor: Ares Gold 1.0.0  Code: 28494  "de Bumped"
28.05.06 02:12:23	 Vendor: Ares Gold 1.0.0  Code: 28494  "de Bumped"
28.05.06 02:13:58	 Vendor: Ares Gold 1.0.0  Code: 28494  "de Bumped"
28.05.06 02:14:41	 Vendor: Ares MP3 1.0.0 (GnucDNA  Code: 28494  "de Bumped"
28.05.06 02:14:50	 Vendor: Ares Gold 1.0.0  Code: 28494  "de Bumped"
28.05.06 02:15:38	 Vendor: Ares Gold 1.0.0  Code: 28494  "de Bumped"
28.05.06 02:15:45	 Vendor: Ares Gold 1.0.0  Code: 28494  "de Bumped"
28.05.06 02:18:09	 Vendor: Ares Music 1.0.0  Code: 28494  "de Bumped"
28.05.06 02:19:04	 Vendor: Ares P2P 1.0.0 (GnucDNA  Code: 28494  "de Bumped"
28.05.06 02:19:18	 Vendor: Ares Music 1.0.0  Code: 28494  "de Bumped"
28.05.06 02:22:10	 Vendor: Ares P2P 1.0.0 (GnucDNA  Code: 28494  "de Bumped"
28.05.06 02:22:34	 Vendor: Ares Music 1.0.0  Code: 28494  "de Bumped"
28.05.06 02:25:09	 Vendor: Ares Music 1.0.0  Code: 28494  "de Bumped"
